<?xml version="1.0" encoding="UTF-8"?>
<testng-results skipped="0" failed="0" ignored="0" total="0" passed="0">
  <reporter-output>
  </reporter-output>
  <suite name="com.library.app.AppTest" duration-ms="5" started-at="2019-12-10T05:21:44Z" finished-at="2019-12-10T05:21:44Z">
    <groups>
    </groups>
    <test name="Command line test" duration-ms="5" started-at="2019-12-10T05:21:44Z" finished-at="2019-12-10T05:21:44Z">
    </test> <!-- Command line test -->
  </suite> <!-- com.library.app.AppTest -->
</testng-results>
