<?xml version="1.0" encoding="UTF-8"?>
<!-- Generated by org.testng.reporters.JUnitXMLReporter -->
<testsuite hostname="kritter" ignored="2" name="Command line test" tests="1" failures="0" timestamp="09 Dec 2019 17:09:56 GMT" time="0.039" errors="0">
  <testcase name="divide_TenDividedByFive_ReturnsTwo" time="0.011" classname="com.library.app.MathTests"/>
  <testcase name="divide_TenDividedByZero_ThrowsIllegalArgumentException" time="0.0" classname="com.library.app.MathTests">
    <ignored/>
  </testcase> <!-- divide_TenDividedByZero_ThrowsIllegalArgumentException -->
  <testcase name="add_TwoPlusTwo_ReturnsFour" time="0.0" classname="com.library.app.MathTests">
    <ignored/>
  </testcase> <!-- add_TwoPlusTwo_ReturnsFour -->
</testsuite> <!-- Command line test -->
